<?xml version="1.0" encoding="UTF-8"?>
<!-- Generated by org.testng.reporters.JUnitReportReporter -->
<testsuite hostname="DESKTOP-GVG25OG" failures="0" tests="1" name="rahulshettyacademy.Tests.StandOrderTest" time="47.868" errors="0" timestamp="2024-12-12T13:22:43 IST" skipped="0">
  <testcase classname="rahulshettyacademy.Tests.StandOrderTest" name="submitOrder" time="47.868"/>
</testsuite> <!-- rahulshettyacademy.Tests.StandOrderTest -->
