<?xml version="1.0" encoding="UTF-8"?>
<!-- Generated by org.testng.reporters.JUnitReportReporter -->
<testsuite hostname="DESKTOP-GVG25OG" failures="0" tests="1" name="rahulshettyacademy.Tests.ErrorValidations" time="27.709" errors="0" timestamp="2024-12-12T14:04:39 IST" skipped="0">
  <testcase classname="rahulshettyacademy.Tests.ErrorValidations" name="LogInErrorValidation" time="27.709"/>
</testsuite> <!-- rahulshettyacademy.Tests.ErrorValidations -->
